Symlinking /homeL/1wang/RPC2023/assignment_3/ws_rpc/devel/lib/python3/dist-packages/itr_rpc/__init__.py
Symlinking /homeL/1wang/RPC2023/assignment_3/ws_rpc/devel/lib/python3/dist-packages/itr_rpc/msg/__init__.py
Symlinking /homeL/1wang/RPC2023/assignment_3/ws_rpc/devel/lib/python3/dist-packages/itr_rpc/msg/_FK_Control.py
Symlinking /homeL/1wang/RPC2023/assignment_3/ws_rpc/devel/lib/python3/dist-packages/itr_rpc/srv/__init__.py
Symlinking /homeL/1wang/RPC2023/assignment_3/ws_rpc/devel/lib/python3/dist-packages/itr_rpc/srv/_LineCollision.py
Symlinking /homeL/1wang/RPC2023/assignment_3/ws_rpc/devel/lib/python3/dist-packages/itr_rpc/srv/_IK_Solve.py
Symlinking /homeL/1wang/RPC2023/assignment_3/ws_rpc/devel/lib/python3/dist-packages/itr_rpc/srv/_PointCollision.py
Symlinking /homeL/1wang/RPC2023/assignment_3/ws_rpc/devel/lib/python3/dist-packages/itr_rpc/cfg/__init__.py
Symlinking /homeL/1wang/RPC2023/assignment_3/ws_rpc/devel/lib/python3/dist-packages/itr_rpc/cfg/KinematicsConfig.py
Symlinking /homeL/1wang/RPC2023/assignment_3/ws_rpc/devel/lib/pkgconfig/itr_rpc.pc
Symlinking /homeL/1wang/RPC2023/assignment_3/ws_rpc/devel/share/itr_rpc/cmake/itr_rpc-msg-paths.cmake
Symlinking /homeL/1wang/RPC2023/assignment_3/ws_rpc/devel/share/itr_rpc/cmake/itr_rpcConfig-version.cmake
Symlinking /homeL/1wang/RPC2023/assignment_3/ws_rpc/devel/share/itr_rpc/cmake/itr_rpc-msg-extras.cmake
Symlinking /homeL/1wang/RPC2023/assignment_3/ws_rpc/devel/share/itr_rpc/cmake/itr_rpcConfig.cmake
Symlinking /homeL/1wang/RPC2023/assignment_3/ws_rpc/devel/share/itr_rpc/docs/KinematicsConfig.wikidoc
Symlinking /homeL/1wang/RPC2023/assignment_3/ws_rpc/devel/share/itr_rpc/docs/KinematicsConfig-usage.dox
Symlinking /homeL/1wang/RPC2023/assignment_3/ws_rpc/devel/share/itr_rpc/docs/KinematicsConfig.dox
Symlinking /homeL/1wang/RPC2023/assignment_3/ws_rpc/devel/share/common-lisp/ros/itr_rpc/msg/itr_rpc-msg.asd
Symlinking /homeL/1wang/RPC2023/assignment_3/ws_rpc/devel/share/common-lisp/ros/itr_rpc/msg/_package_FK_Control.lisp
Symlinking /homeL/1wang/RPC2023/assignment_3/ws_rpc/devel/share/common-lisp/ros/itr_rpc/msg/_package.lisp
Symlinking /homeL/1wang/RPC2023/assignment_3/ws_rpc/devel/share/common-lisp/ros/itr_rpc/msg/FK_Control.lisp
Symlinking /homeL/1wang/RPC2023/assignment_3/ws_rpc/devel/share/common-lisp/ros/itr_rpc/srv/PointCollision.lisp
Symlinking /homeL/1wang/RPC2023/assignment_3/ws_rpc/devel/share/common-lisp/ros/itr_rpc/srv/_package.lisp
Symlinking /homeL/1wang/RPC2023/assignment_3/ws_rpc/devel/share/common-lisp/ros/itr_rpc/srv/IK_Solve.lisp
Symlinking /homeL/1wang/RPC2023/assignment_3/ws_rpc/devel/share/common-lisp/ros/itr_rpc/srv/LineCollision.lisp
Symlinking /homeL/1wang/RPC2023/assignment_3/ws_rpc/devel/share/common-lisp/ros/itr_rpc/srv/_package_LineCollision.lisp
Symlinking /homeL/1wang/RPC2023/assignment_3/ws_rpc/devel/share/common-lisp/ros/itr_rpc/srv/itr_rpc-srv.asd
Symlinking /homeL/1wang/RPC2023/assignment_3/ws_rpc/devel/share/common-lisp/ros/itr_rpc/srv/_package_PointCollision.lisp
Symlinking /homeL/1wang/RPC2023/assignment_3/ws_rpc/devel/share/common-lisp/ros/itr_rpc/srv/_package_IK_Solve.lisp
Symlinking /homeL/1wang/RPC2023/assignment_3/ws_rpc/devel/share/gennodejs/ros/itr_rpc/_index.js
Symlinking /homeL/1wang/RPC2023/assignment_3/ws_rpc/devel/share/gennodejs/ros/itr_rpc/msg/FK_Control.js
Symlinking /homeL/1wang/RPC2023/assignment_3/ws_rpc/devel/share/gennodejs/ros/itr_rpc/msg/_index.js
Symlinking /homeL/1wang/RPC2023/assignment_3/ws_rpc/devel/share/gennodejs/ros/itr_rpc/srv/_index.js
Symlinking /homeL/1wang/RPC2023/assignment_3/ws_rpc/devel/share/gennodejs/ros/itr_rpc/srv/LineCollision.js
Symlinking /homeL/1wang/RPC2023/assignment_3/ws_rpc/devel/share/gennodejs/ros/itr_rpc/srv/IK_Solve.js
Symlinking /homeL/1wang/RPC2023/assignment_3/ws_rpc/devel/share/gennodejs/ros/itr_rpc/srv/PointCollision.js
Symlinking /homeL/1wang/RPC2023/assignment_3/ws_rpc/devel/share/roseus/ros/itr_rpc/manifest.l
Symlinking /homeL/1wang/RPC2023/assignment_3/ws_rpc/devel/share/roseus/ros/itr_rpc/msg/FK_Control.l
Symlinking /homeL/1wang/RPC2023/assignment_3/ws_rpc/devel/share/roseus/ros/itr_rpc/srv/PointCollision.l
Symlinking /homeL/1wang/RPC2023/assignment_3/ws_rpc/devel/share/roseus/ros/itr_rpc/srv/LineCollision.l
Symlinking /homeL/1wang/RPC2023/assignment_3/ws_rpc/devel/share/roseus/ros/itr_rpc/srv/IK_Solve.l
Symlinking /homeL/1wang/RPC2023/assignment_3/ws_rpc/devel/include/itr_rpc/IK_SolveResponse.h
Symlinking /homeL/1wang/RPC2023/assignment_3/ws_rpc/devel/include/itr_rpc/IK_Solve.h
Symlinking /homeL/1wang/RPC2023/assignment_3/ws_rpc/devel/include/itr_rpc/PointCollision.h
Symlinking /homeL/1wang/RPC2023/assignment_3/ws_rpc/devel/include/itr_rpc/LineCollisionResponse.h
Symlinking /homeL/1wang/RPC2023/assignment_3/ws_rpc/devel/include/itr_rpc/KinematicsConfig.h
Symlinking /homeL/1wang/RPC2023/assignment_3/ws_rpc/devel/include/itr_rpc/LineCollisionRequest.h
Symlinking /homeL/1wang/RPC2023/assignment_3/ws_rpc/devel/include/itr_rpc/FK_Control.h
Symlinking /homeL/1wang/RPC2023/assignment_3/ws_rpc/devel/include/itr_rpc/PointCollisionRequest.h
Symlinking /homeL/1wang/RPC2023/assignment_3/ws_rpc/devel/include/itr_rpc/LineCollision.h
Symlinking /homeL/1wang/RPC2023/assignment_3/ws_rpc/devel/include/itr_rpc/IK_SolveRequest.h
Symlinking /homeL/1wang/RPC2023/assignment_3/ws_rpc/devel/include/itr_rpc/PointCollisionResponse.h
