[35m[1mScanning dependencies of target std_msgs_generate_messages_lisp[0m
[35m[1mScanning dependencies of target visualization_msgs_generate_messages_lisp[0m
[35m[1mScanning dependencies of target _itr_rpc_generate_messages_check_deps_FK_Control[0m
[35m[1mScanning dependencies of target _itr_rpc_generate_messages_check_deps_LineCollision[0m
[35m[1mScanning dependencies of target nav_msgs_generate_messages_lisp[0m
[35m[1mScanning dependencies of target _itr_rpc_generate_messages_check_deps_PointCollision[0m
[  0%] Built target visualization_msgs_generate_messages_lisp
[  0%] Built target std_msgs_generate_messages_lisp
[  0%] Built target nav_msgs_generate_messages_lisp
[35m[1mScanning dependencies of target nav_msgs_generate_messages_py[0m
[35m[1mScanning dependencies of target _itr_rpc_generate_messages_check_deps_IK_Solve[0m
[35m[1mScanning dependencies of target std_msgs_generate_messages_py[0m
[  0%] Built target nav_msgs_generate_messages_py
[  0%] Built target std_msgs_generate_messages_py
[35m[1mScanning dependencies of target visualization_msgs_generate_messages_py[0m
[  0%] Built target _itr_rpc_generate_messages_check_deps_LineCollision
[  0%] Built target _itr_rpc_generate_messages_check_deps_PointCollision
[35m[1mScanning dependencies of target visualization_msgs_generate_messages_nodejs[0m
[  0%] Built target visualization_msgs_generate_messages_py
[35m[1mScanning dependencies of target std_msgs_generate_messages_nodejs[0m
[35m[1mScanning dependencies of target nav_msgs_generate_messages_nodejs[0m
[  0%] Built target visualization_msgs_generate_messages_nodejs
[  0%] Built target _itr_rpc_generate_messages_check_deps_FK_Control
[  0%] Built target std_msgs_generate_messages_nodejs
[  0%] Built target nav_msgs_generate_messages_nodejs
[35m[1mScanning dependencies of target std_msgs_generate_messages_eus[0m
[35m[1mScanning dependencies of target nav_msgs_generate_messages_eus[0m
[  0%] Built target _itr_rpc_generate_messages_check_deps_IK_Solve
[35m[1mScanning dependencies of target visualization_msgs_generate_messages_eus[0m
[  0%] Built target std_msgs_generate_messages_eus
[35m[1mScanning dependencies of target std_msgs_generate_messages_cpp[0m
[35m[1mScanning dependencies of target visualization_msgs_generate_messages_cpp[0m
[  0%] Built target nav_msgs_generate_messages_eus
[  0%] Built target visualization_msgs_generate_messages_eus
[35m[1mScanning dependencies of target nav_msgs_generate_messages_cpp[0m
[  0%] Built target visualization_msgs_generate_messages_cpp
[  0%] Built target std_msgs_generate_messages_cpp
[35m[1mScanning dependencies of target itr_rpc_gencfg[0m
[  0%] Built target nav_msgs_generate_messages_cpp
[35m[1mScanning dependencies of target itr_rpc_generate_messages_py[0m
[35m[1mScanning dependencies of target itr_rpc_generate_messages_lisp[0m
[  4%] [34m[1mGenerating dynamic reconfigure files from cfg/KinematicsConfig.cfg: /homeL/1wang/RPC2023/assignment_3/ws_rpc/devel/.private/itr_rpc/include/itr_rpc/KinematicsConfigConfig.h /homeL/1wang/RPC2023/assignment_3/ws_rpc/devel/.private/itr_rpc/lib/python3/dist-packages/itr_rpc/cfg/KinematicsConfigConfig.py[0m
[35m[1mScanning dependencies of target itr_rpc_generate_messages_eus[0m
[35m[1mScanning dependencies of target itr_rpc_generate_messages_nodejs[0m
[  8%] [34m[1mGenerating Python from MSG itr_rpc/FK_Control[0m
[35m[1mScanning dependencies of target itr_rpc_generate_messages_cpp[0m
[ 12%] [34m[1mGenerating Lisp code from itr_rpc/FK_Control.msg[0m
[ 16%] [34m[1mGenerating Javascript code from itr_rpc/FK_Control.msg[0m
[ 20%] [34m[1mGenerating EusLisp code from itr_rpc/FK_Control.msg[0m
[ 25%] [34m[1mGenerating C++ code from itr_rpc/FK_Control.msg[0m
[ 29%] [34m[1mGenerating Lisp code from itr_rpc/IK_Solve.srv[0m
Generating reconfiguration files for Kinematics in itr_rpc
Wrote header file in /homeL/1wang/RPC2023/assignment_3/ws_rpc/devel/.private/itr_rpc/include/itr_rpc/KinematicsConfig.h
[ 33%] [34m[1mGenerating Javascript code from itr_rpc/IK_Solve.srv[0m
[ 37%] [34m[1mGenerating EusLisp code from itr_rpc/IK_Solve.srv[0m
[ 37%] Built target itr_rpc_gencfg
[ 45%] [34m[1mGenerating C++ code from itr_rpc/IK_Solve.srv[0m
[ 45%] [34m[1mGenerating Lisp code from itr_rpc/PointCollision.srv[0m
[ 50%] [34m[1mGenerating C++ code from itr_rpc/PointCollision.srv[0m
[ 54%] [34m[1mGenerating Javascript code from itr_rpc/PointCollision.srv[0m
[ 58%] [34m[1mGenerating Python code from SRV itr_rpc/IK_Solve[0m
[ 62%] [34m[1mGenerating EusLisp code from itr_rpc/PointCollision.srv[0m
[ 66%] [34m[1mGenerating Lisp code from itr_rpc/LineCollision.srv[0m
[ 70%] [34m[1mGenerating Javascript code from itr_rpc/LineCollision.srv[0m
[ 70%] Built target itr_rpc_generate_messages_lisp
[ 75%] [34m[1mGenerating EusLisp code from itr_rpc/LineCollision.srv[0m
[ 79%] [34m[1mGenerating EusLisp manifest code for itr_rpc[0m
[ 79%] Built target itr_rpc_generate_messages_nodejs
[ 83%] [34m[1mGenerating Python code from SRV itr_rpc/PointCollision[0m
[ 87%] [34m[1mGenerating C++ code from itr_rpc/LineCollision.srv[0m
[ 91%] [34m[1mGenerating Python code from SRV itr_rpc/LineCollision[0m
[100%] [34m[1mGenerating Python msg __init__.py for itr_rpc[0m
[100%] [34m[1mGenerating Python srv __init__.py for itr_rpc[0m
[100%] Built target itr_rpc_generate_messages_cpp
[100%] Built target itr_rpc_generate_messages_py
[100%] Built target itr_rpc_generate_messages_eus
[35m[1mScanning dependencies of target itr_rpc_generate_messages[0m
[100%] Built target itr_rpc_generate_messages
